<?xml version="1.0" encoding="UTF-8"?>
<!-- Generated by org.testng.reporters.JUnitXMLReporter -->
<testsuite ignored="0" hostname="RAJA" failures="0" tests="3" name="Default test" time="33.602" errors="0" timestamp="2023-08-05T11:20:14 IST">
  <testcase classname="com.actitime.testcases.TC_01_ActitimeLoginLogout" name="login" time="10.463"/>
  <testcase classname="com.actitime.testcases.TC_01_ActitimeLoginLogout" name="titlevalidation" time="5.944"/>
  <testcase classname="com.actitime.testcases.TC_01_ActitimeLoginLogout" name="logout" time="1.963"/>
</testsuite> <!-- Default test -->
