<?xml version="1.0" encoding="UTF-8"?>
<!-- Generated by org.testng.reporters.JUnitXMLReporter -->
<testsuite ignored="0" hostname="RAJA" failures="0" tests="3" name="Test" time="28.992" errors="0" timestamp="2023-08-06T12:00:34 IST">
  <testcase classname="com.actitime.testcases.TC_01_ActitimeLoginLogout" name="login" time="9.314"/>
  <testcase classname="com.actitime.testcases.TC_01_ActitimeLoginLogout" name="titlevalidation" time="5.425"/>
  <testcase classname="com.actitime.testcases.TC_01_ActitimeLoginLogout" name="logout" time="2.279"/>
</testsuite> <!-- Test -->
