<?xml version="1.0" encoding="UTF-8"?>
<testng-results ignored="0" total="3" passed="3" failed="0" skipped="0">
  <reporter-output>
    <line>
      <![CDATA[execution started]]>
    </line>
    <line>
      <![CDATA[execution completed]]>
    </line>
  </reporter-output>
  <suite started-at="2023-08-06T12:00:05 IST" name="Suite" finished-at="2023-08-06T12:00:34 IST" duration-ms="28992">
    <groups>
    </groups>
    <test started-at="2023-08-06T12:00:05 IST" name="Test" finished-at="2023-08-06T12:00:34 IST" duration-ms="28992">
      <class name="com.actitime.testcases.TC_01_ActitimeLoginLogout">
        <test-method is-config="true" signature="executionStart()[pri:0, instance:com.actitime.testcases.TC_01_ActitimeLoginLogout@6b927fb]" started-at="2023-08-06T12:00:05 IST" name="executionStart" finished-at="2023-08-06T12:00:05 IST" duration-ms="10" status="PASS">
          <reporter-output>
            <line>
              <![CDATA[execution started]]>
            </line>
          </reporter-output>
        </test-method> <!-- executionStart -->
        <test-method is-config="true" signature="setup()[pri:0, instance:com.actitime.testcases.TC_01_ActitimeLoginLogout@6b927fb]" started-at="2023-08-06T12:00:05 IST" name="setup" finished-at="2023-08-06T12:00:17 IST" duration-ms="11827" status="PASS">
          <reporter-output>
          </reporter-output>
        </test-method> <!-- setup -->
        <test-method signature="login()[pri:0, instance:com.actitime.testcases.TC_01_ActitimeLoginLogout@6b927fb]" started-at="2023-08-06T12:00:17 IST" name="login" finished-at="2023-08-06T12:00:26 IST" duration-ms="9314" status="PASS">
          <reporter-output>
          </reporter-output>
        </test-method> <!-- login -->
        <test-method signature="titlevalidation()[pri:0, instance:com.actitime.testcases.TC_01_ActitimeLoginLogout@6b927fb]" started-at="2023-08-06T12:00:26 IST" name="titlevalidation" finished-at="2023-08-06T12:00:32 IST" depends-on-methods="com.actitime.testcases.TC_01_ActitimeLoginLogout.login" duration-ms="5425" status="PASS">
          <reporter-output>
          </reporter-output>
        </test-method> <!-- titlevalidation -->
        <test-method signature="logout()[pri:0, instance:com.actitime.testcases.TC_01_ActitimeLoginLogout@6b927fb]" started-at="2023-08-06T12:00:32 IST" name="logout" finished-at="2023-08-06T12:00:34 IST" depends-on-methods="com.actitime.testcases.TC_01_ActitimeLoginLogout.titlevalidation" duration-ms="2279" status="PASS">
          <reporter-output>
          </reporter-output>
        </test-method> <!-- logout -->
        <test-method is-config="true" signature="teardown()[pri:0, instance:com.actitime.testcases.TC_01_ActitimeLoginLogout@6b927fb]" started-at="2023-08-06T12:00:34 IST" name="teardown" finished-at="2023-08-06T12:00:34 IST" duration-ms="118" status="PASS">
          <reporter-output>
          </reporter-output>
        </test-method> <!-- teardown -->
        <test-method is-config="true" signature="executionComplete()[pri:0, instance:com.actitime.testcases.TC_01_ActitimeLoginLogout@6b927fb]" started-at="2023-08-06T12:00:34 IST" name="executionComplete" finished-at="2023-08-06T12:00:34 IST" duration-ms="0" status="PASS">
          <reporter-output>
            <line>
              <![CDATA[execution completed]]>
            </line>
          </reporter-output>
        </test-method> <!-- executionComplete -->
      </class> <!-- com.actitime.testcases.TC_01_ActitimeLoginLogout -->
    </test> <!-- Test -->
  </suite> <!-- Suite -->
</testng-results>
