<?xml version="1.0" encoding="UTF-8"?>
<testng-results ignored="0" total="3" passed="3" failed="0" skipped="0">
  <reporter-output>
    <line>
      <![CDATA[execution started]]>
    </line>
    <line>
      <![CDATA[execution completed]]>
    </line>
  </reporter-output>
  <suite started-at="2023-08-05T11:19:41 IST" name="Default suite" finished-at="2023-08-05T11:20:14 IST" duration-ms="33602">
    <groups>
    </groups>
    <test started-at="2023-08-05T11:19:41 IST" name="Default test" finished-at="2023-08-05T11:20:14 IST" duration-ms="33602">
      <class name="com.actitime.testcases.TC_01_ActitimeLoginLogout">
        <test-method is-config="true" signature="executionStart()[pri:0, instance:com.actitime.testcases.TC_01_ActitimeLoginLogout@53045c6c]" started-at="2023-08-05T11:19:41 IST" name="executionStart" finished-at="2023-08-05T11:19:41 IST" duration-ms="21" status="PASS">
          <reporter-output>
            <line>
              <![CDATA[execution started]]>
            </line>
          </reporter-output>
        </test-method> <!-- executionStart -->
        <test-method is-config="true" signature="setup()[pri:0, instance:com.actitime.testcases.TC_01_ActitimeLoginLogout@53045c6c]" started-at="2023-08-05T11:19:41 IST" name="setup" finished-at="2023-08-05T11:19:56 IST" duration-ms="15154" status="PASS">
          <reporter-output>
          </reporter-output>
        </test-method> <!-- setup -->
        <test-method signature="login()[pri:0, instance:com.actitime.testcases.TC_01_ActitimeLoginLogout@53045c6c]" started-at="2023-08-05T11:19:56 IST" name="login" finished-at="2023-08-05T11:20:07 IST" duration-ms="10463" status="PASS">
          <reporter-output>
          </reporter-output>
        </test-method> <!-- login -->
        <test-method signature="titlevalidation()[pri:0, instance:com.actitime.testcases.TC_01_ActitimeLoginLogout@53045c6c]" started-at="2023-08-05T11:20:07 IST" name="titlevalidation" finished-at="2023-08-05T11:20:13 IST" depends-on-methods="com.actitime.testcases.TC_01_ActitimeLoginLogout.login" duration-ms="5944" status="PASS">
          <reporter-output>
          </reporter-output>
        </test-method> <!-- titlevalidation -->
        <test-method signature="logout()[pri:0, instance:com.actitime.testcases.TC_01_ActitimeLoginLogout@53045c6c]" started-at="2023-08-05T11:20:13 IST" name="logout" finished-at="2023-08-05T11:20:14 IST" depends-on-methods="com.actitime.testcases.TC_01_ActitimeLoginLogout.titlevalidation" duration-ms="1963" status="PASS">
          <reporter-output>
          </reporter-output>
        </test-method> <!-- logout -->
        <test-method is-config="true" signature="teardown()[pri:0, instance:com.actitime.testcases.TC_01_ActitimeLoginLogout@53045c6c]" started-at="2023-08-05T11:20:14 IST" name="teardown" finished-at="2023-08-05T11:20:14 IST" duration-ms="1" status="PASS">
          <reporter-output>
          </reporter-output>
        </test-method> <!-- teardown -->
        <test-method is-config="true" signature="executionComplete()[pri:0, instance:com.actitime.testcases.TC_01_ActitimeLoginLogout@53045c6c]" started-at="2023-08-05T11:20:15 IST" name="executionComplete" finished-at="2023-08-05T11:20:15 IST" duration-ms="1" status="PASS">
          <reporter-output>
            <line>
              <![CDATA[execution completed]]>
            </line>
          </reporter-output>
        </test-method> <!-- executionComplete -->
      </class> <!-- com.actitime.testcases.TC_01_ActitimeLoginLogout -->
    </test> <!-- Default test -->
  </suite> <!-- Default suite -->
</testng-results>
